
> @home-automation/deep-heating-web@0.0.1 build
> vite build

vite v5.0.12 building SSR bundle for production...
transforming...
Browserslist: browsers data (caniuse-lite) is 8 months old. Please run:
  npx update-browserslist-db@latest
  Why you should do it regularly: https://github.com/browserslist/update-db#readme

🌼   daisyUI 4.12.23
├─ ✔︎ 2 themes added		https://daisyui.com/docs/themes
╰─ ★ Star daisyUI on GitHub	https://github.com/saadeghi/daisyui

✓ 108 modules transformed.
rendering chunks...
vite v5.0.12 building for production...
transforming...
✓ 930 modules transformed.
rendering chunks...
computing gzip size...
.svelte-kit/output/client/_app/version.json                              0.03 kB │ gzip:  0.05 kB
.svelte-kit/output/client/.vite/manifest.json                            2.53 kB │ gzip:  0.48 kB
.svelte-kit/output/client/_app/immutable/assets/0.ueFYU02O.css          26.02 kB │ gzip:  5.57 kB
.svelte-kit/output/client/_app/immutable/entry/start.d2ATdPNv.js         0.07 kB │ gzip:  0.08 kB
.svelte-kit/output/client/_app/immutable/chunks/index.Nj7eZHNE.js        0.93 kB │ gzip:  0.58 kB
.svelte-kit/output/client/_app/immutable/nodes/1.7RG0ZFIw.js             1.02 kB │ gzip:  0.60 kB
.svelte-kit/output/client/_app/immutable/nodes/0.zeAo4uxD.js             2.12 kB │ gzip:  1.12 kB
.svelte-kit/output/client/_app/immutable/chunks/scheduler.J4yZtbGl.js    2.26 kB │ gzip:  1.06 kB
.svelte-kit/output/client/_app/immutable/chunks/index.TIBKkkaA.js        5.79 kB │ gzip:  2.45 kB
.svelte-kit/output/client/_app/immutable/entry/app.qCGfvflq.js           6.07 kB │ gzip:  2.45 kB
.svelte-kit/output/client/_app/immutable/nodes/2.jYxJK_IB.js            20.99 kB │ gzip:  5.03 kB
.svelte-kit/output/client/_app/immutable/chunks/entry.mAhY93VG.js       27.05 kB │ gzip: 10.68 kB
.svelte-kit/output/client/_app/immutable/chunks/home.gnCFjSLB.js       219.93 kB │ gzip: 68.58 kB
✓ built in 1.67s
.svelte-kit/output/server/.vite/manifest.json                          2.25 kB
.svelte-kit/output/server/_app/immutable/assets/_layout.ueFYU02O.css  26.02 kB
.svelte-kit/output/server/entries/pages/_layout.ts.js                  0.04 kB
.svelte-kit/output/server/entries/pages/_page.ts.js                    0.04 kB
.svelte-kit/output/server/chunks/hooks.server.js                       0.11 kB
.svelte-kit/output/server/internal.js                                  0.31 kB
.svelte-kit/output/server/entries/pages/_layout.server.ts.js           0.51 kB
.svelte-kit/output/server/entries/fallbacks/error.svelte.js            1.18 kB
.svelte-kit/output/server/entries/pages/_layout.svelte.js              1.39 kB
.svelte-kit/output/server/chunks/index.js                              2.58 kB
.svelte-kit/output/server/chunks/ssr.js                                4.29 kB
.svelte-kit/output/server/chunks/exports.js                            5.96 kB
.svelte-kit/output/server/chunks/internal.js                           6.14 kB
.svelte-kit/output/server/chunks/home.js                               9.94 kB
.svelte-kit/output/server/entries/pages/_page.svelte.js               16.61 kB
.svelte-kit/output/server/index.js                                    92.37 kB

Run npm run preview to preview your production build locally.

> Using @sveltejs/adapter-node
../../node_modules/fast-check/lib/esm/arbitrary/_internals/builders/TypedIntArrayArbitraryBuilder.js (1:14) The 'this' keyword is equivalent to 'undefined' at the top level of an ES module, and has been rewritten
../../node_modules/fast-check/lib/esm/arbitrary/_internals/builders/TypedIntArrayArbitraryBuilder.js (1:22) The 'this' keyword is equivalent to 'undefined' at the top level of an ES module, and has been rewritten
../../node_modules/pure-rand/lib/esm/generator/MersenneTwister.js (1:14) The 'this' keyword is equivalent to 'undefined' at the top level of an ES module, and has been rewritten
../../node_modules/pure-rand/lib/esm/generator/MersenneTwister.js (1:22) The 'this' keyword is equivalent to 'undefined' at the top level of an ES module, and has been rewritten
../../node_modules/pure-rand/lib/esm/generator/MersenneTwister.js (17:21) The 'this' keyword is equivalent to 'undefined' at the top level of an ES module, and has been rewritten
../../node_modules/pure-rand/lib/esm/generator/MersenneTwister.js (17:29) The 'this' keyword is equivalent to 'undefined' at the top level of an ES module, and has been rewritten
  ✔ done
✓ built in 4.65s
